
Mon, 30 Dec 2019 04:21:40 +0000 : NO senderId 

Mon, 30 Dec 2019 04:21:41 +0000 : Server Altiria response: ERROR errNum:015

Mon, 30 Dec 2019 04:21:41 +0000 : Error sending SMS: ERROR errNum:015

Mon, 30 Dec 2019 04:22:16 +0000 : NO senderId 

Mon, 30 Dec 2019 04:22:17 +0000 : Server Altiria response: OK dest:573138963203


Mon, 30 Dec 2019 04:23:58 +0000 : NO senderId 

Mon, 30 Dec 2019 04:23:58 +0000 : Server Altiria response: OK dest:573138963203


Mon, 30 Dec 2019 04:31:13 +0000 : NO senderId 

Mon, 30 Dec 2019 04:31:14 +0000 : Server Altiria response: OK dest:573138963203


Mon, 30 Dec 2019 04:41:11 +0000 : NO senderId 

Mon, 30 Dec 2019 04:41:11 +0000 : Server Altiria response: OK dest:573138963203


Mon, 30 Dec 2019 13:18:21 +0000 : NO senderId 

Mon, 30 Dec 2019 13:18:22 +0000 : Server Altiria response: OK dest:573138963203


Mon, 30 Dec 2019 13:24:48 +0000 : NO senderId 

Mon, 30 Dec 2019 13:24:49 +0000 : Server Altiria response: OK dest:573138963203


Mon, 30 Dec 2019 13:29:54 +0000 : NO senderId 

Mon, 30 Dec 2019 13:29:54 +0000 : Server Altiria response: OK dest:573138963203


Mon, 30 Dec 2019 13:44:55 +0000 : NO senderId 

Mon, 30 Dec 2019 13:44:56 +0000 : Server Altiria response: OK dest:573138963203


Mon, 30 Dec 2019 13:46:06 +0000 : NO senderId 

Mon, 30 Dec 2019 13:46:07 +0000 : Server Altiria response: OK dest:573138963203


Mon, 30 Dec 2019 13:48:04 +0000 : NO senderId 

Mon, 30 Dec 2019 13:48:04 +0000 : Server Altiria response: OK dest:573138963203


Mon, 30 Dec 2019 13:48:24 +0000 : NO senderId 

Mon, 30 Dec 2019 13:48:25 +0000 : Server Altiria response: OK dest:573138963203


Mon, 30 Dec 2019 13:49:58 +0000 : NO senderId 

Mon, 30 Dec 2019 13:49:58 +0000 : Server Altiria response: OK dest:573183934735


Mon, 30 Dec 2019 13:51:10 +0000 : NO senderId 

Mon, 30 Dec 2019 13:51:11 +0000 : Server Altiria response: OK dest:573138963203


Mon, 30 Dec 2019 14:04:17 +0000 : NO senderId 

Mon, 30 Dec 2019 14:04:18 +0000 : Server Altiria response: OK dest:573138963203


Mon, 30 Dec 2019 14:18:40 +0000 : NO senderId 

Mon, 30 Dec 2019 14:18:40 +0000 : Server Altiria response: OK dest:573138963203


Mon, 30 Dec 2019 14:33:26 +0000 : NO senderId 

Mon, 30 Dec 2019 14:33:27 +0000 : Server Altiria response: OK dest:573138963203


Mon, 30 Dec 2019 14:34:21 +0000 : NO senderId 

Mon, 30 Dec 2019 14:34:21 +0000 : Server Altiria response: OK dest:573138963203


Mon, 30 Dec 2019 14:51:20 +0000 : NO senderId 

Mon, 30 Dec 2019 14:51:21 +0000 : Server Altiria response: OK dest:573138963203


Mon, 30 Dec 2019 14:55:22 +0000 : NO senderId 

Mon, 30 Dec 2019 14:55:23 +0000 : Server Altiria response: OK dest:573138963203


Mon, 30 Dec 2019 15:20:16 +0000 : NO senderId 

Mon, 30 Dec 2019 15:20:16 +0000 : Server Altiria response: OK dest:573138963203


Mon, 30 Dec 2019 15:21:37 +0000 : NO senderId 

Mon, 30 Dec 2019 15:21:37 +0000 : Server Altiria response: ERROR errNum:015

Mon, 30 Dec 2019 15:21:37 +0000 : Error sending SMS: ERROR errNum:015

Mon, 30 Dec 2019 15:25:04 +0000 : NO senderId 

Mon, 30 Dec 2019 15:25:05 +0000 : Server Altiria response: ERROR errNum:015

Mon, 30 Dec 2019 15:25:05 +0000 : Error sending SMS: ERROR errNum:015

Mon, 30 Dec 2019 15:25:38 +0000 : NO senderId 

Mon, 30 Dec 2019 15:25:39 +0000 : Server Altiria response: ERROR errNum:015

Mon, 30 Dec 2019 15:25:39 +0000 : Error sending SMS: ERROR errNum:015

Mon, 30 Dec 2019 15:25:42 +0000 : NO senderId 

Mon, 30 Dec 2019 15:25:42 +0000 : Server Altiria response: ERROR errNum:015

Mon, 30 Dec 2019 15:25:42 +0000 : Error sending SMS: ERROR errNum:015

Mon, 30 Dec 2019 15:37:54 +0000 : NO senderId 

Mon, 30 Dec 2019 15:37:54 +0000 : Server Altiria response: OK dest:573138963203


Mon, 30 Dec 2019 15:41:11 +0000 : NO senderId 

Mon, 30 Dec 2019 15:41:11 +0000 : Server Altiria response: OK dest:573138963203


Mon, 30 Dec 2019 15:59:18 +0000 : NO senderId 

Mon, 30 Dec 2019 15:59:19 +0000 : Server Altiria response: OK dest:573138963203


Mon, 30 Dec 2019 16:21:21 +0000 : NO senderId 

Mon, 30 Dec 2019 16:21:21 +0000 : Server Altiria response: OK dest:573138963203


Mon, 30 Dec 2019 16:27:59 +0000 : NO senderId 

Mon, 30 Dec 2019 16:28:00 +0000 : Server Altiria response: OK dest:573138963203


Mon, 30 Dec 2019 16:34:56 +0000 : NO senderId 

Mon, 30 Dec 2019 16:34:56 +0000 : Server Altiria response: OK dest:573138963203


Mon, 30 Dec 2019 16:46:10 +0000 : NO senderId 

Mon, 30 Dec 2019 16:46:10 +0000 : Server Altiria response: OK dest:573138963203


Mon, 30 Dec 2019 16:57:36 +0000 : NO senderId 

Mon, 30 Dec 2019 16:57:36 +0000 : Server Altiria response: OK dest:573138963203


Mon, 30 Dec 2019 16:59:28 +0000 : NO senderId 

Mon, 30 Dec 2019 16:59:29 +0000 : Server Altiria response: OK dest:573138963203


Mon, 30 Dec 2019 16:59:46 +0000 : NO senderId 

Mon, 30 Dec 2019 16:59:46 +0000 : Server Altiria response: OK dest:573138963203


Mon, 30 Dec 2019 17:43:45 +0000 : NO senderId 

Mon, 30 Dec 2019 17:43:46 +0000 : Server Altiria response: OK dest:573138963203


Mon, 30 Dec 2019 15:04:59 -0500 : NO senderId 

Mon, 30 Dec 2019 15:05:00 -0500 : Server Altiria response: OK dest:573138963203


Mon, 30 Dec 2019 15:13:52 -0500 : NO senderId 

Mon, 30 Dec 2019 15:13:52 -0500 : Server Altiria response: OK dest:573138963203


Mon, 30 Dec 2019 16:17:43 -0500 : NO senderId 

Mon, 30 Dec 2019 16:17:43 -0500 : Server Altiria response: OK dest:573138963203


Mon, 30 Dec 2019 16:26:22 -0500 : NO senderId 

Mon, 30 Dec 2019 16:26:23 -0500 : Server Altiria response: OK dest:573138963203


Mon, 30 Dec 2019 16:27:45 -0500 : NO senderId 

Mon, 30 Dec 2019 16:27:45 -0500 : Server Altiria response: OK dest:573138963203


Mon, 30 Dec 2019 16:29:44 -0500 : NO senderId 

Mon, 30 Dec 2019 16:29:44 -0500 : Server Altiria response: OK dest:573138963190


Mon, 30 Dec 2019 16:35:27 -0500 : NO senderId 

Mon, 30 Dec 2019 16:35:27 -0500 : Server Altiria response: OK dest:573138963190


Mon, 30 Dec 2019 16:36:05 -0500 : NO senderId 

Mon, 30 Dec 2019 16:36:06 -0500 : Server Altiria response: OK dest:573138963203


Mon, 30 Dec 2019 16:38:27 -0500 : NO senderId 

Mon, 30 Dec 2019 16:38:28 -0500 : Server Altiria response: OK dest:573138963203


Mon, 30 Dec 2019 16:40:11 -0500 : NO senderId 

Mon, 30 Dec 2019 16:40:12 -0500 : Server Altiria response: OK dest:573138963203


Mon, 30 Dec 2019 16:42:16 -0500 : NO senderId 

Mon, 30 Dec 2019 16:42:16 -0500 : Server Altiria response: OK dest:573138963203


Mon, 30 Dec 2019 16:43:15 -0500 : NO senderId 

Mon, 30 Dec 2019 16:43:15 -0500 : Server Altiria response: OK dest:573138963203


Mon, 30 Dec 2019 16:45:11 -0500 : NO senderId 

Mon, 30 Dec 2019 16:45:12 -0500 : Server Altiria response: OK dest:573138963203


Fri, 03 Jan 2020 21:28:13 -0500 : NO senderId 

Fri, 03 Jan 2020 21:28:14 -0500 : Server Altiria response: OK dest:573138963203


Fri, 03 Jan 2020 21:31:03 -0500 : NO senderId 

Fri, 03 Jan 2020 21:31:03 -0500 : Server Altiria response: OK dest:573138963203


Sun, 05 Jan 2020 18:52:49 -0500 : NO senderId 

Sun, 05 Jan 2020 18:52:50 -0500 : Server Altiria response: OK dest:573138963203


Sun, 05 Jan 2020 18:58:45 -0500 : NO senderId 

Sun, 05 Jan 2020 18:58:46 -0500 : Server Altiria response: OK dest:573183934735


Mon, 06 Jan 2020 18:53:26 -0500 : NO senderId 

Mon, 06 Jan 2020 18:53:28 -0500 : Server Altiria response: OK dest:573183934735


Tue, 07 Jan 2020 10:19:04 -0500 : NO senderId 

Tue, 07 Jan 2020 10:19:06 -0500 : Server Altiria response: OK dest:573138963203


Tue, 07 Jan 2020 10:28:50 -0500 : NO senderId 

Tue, 07 Jan 2020 10:28:51 -0500 : Server Altiria response: OK dest:573138963203


Tue, 07 Jan 2020 10:30:39 -0500 : NO senderId 

Tue, 07 Jan 2020 10:30:39 -0500 : Server Altiria response: OK dest:573138963203


Tue, 07 Jan 2020 10:33:08 -0500 : NO senderId 

Tue, 07 Jan 2020 10:33:09 -0500 : Server Altiria response: OK dest:573138963203


Tue, 07 Jan 2020 11:35:07 -0500 : NO senderId 

Tue, 07 Jan 2020 11:35:09 -0500 : Server Altiria response: OK dest:573138963203


Tue, 07 Jan 2020 11:37:56 -0500 : NO senderId 

Tue, 07 Jan 2020 11:37:56 -0500 : Server Altiria response: OK dest:573138963203


Tue, 07 Jan 2020 11:54:50 -0500 : NO senderId 

Tue, 07 Jan 2020 11:54:51 -0500 : Server Altiria response: OK dest:573138963203


Tue, 07 Jan 2020 12:53:56 -0500 : NO senderId 

Tue, 07 Jan 2020 12:53:57 -0500 : Server Altiria response: OK dest:573138963293


Tue, 07 Jan 2020 12:56:48 -0500 : NO senderId 

Tue, 07 Jan 2020 12:56:48 -0500 : Server Altiria response: OK dest:573138963293


Tue, 07 Jan 2020 13:18:19 -0500 : NO senderId 

Tue, 07 Jan 2020 13:18:19 -0500 : Server Altiria response: OK dest:573138963203


Tue, 07 Jan 2020 13:38:23 -0500 : NO senderId 

Tue, 07 Jan 2020 13:38:23 -0500 : Server Altiria response: OK dest:573138963203


Tue, 07 Jan 2020 13:43:26 -0500 : NO senderId 

Tue, 07 Jan 2020 13:43:27 -0500 : Server Altiria response: OK dest:573138963203


Tue, 07 Jan 2020 14:59:11 -0500 : NO senderId 

Tue, 07 Jan 2020 14:59:12 -0500 : Server Altiria response: ERROR errNum:015

Tue, 07 Jan 2020 14:59:12 -0500 : Error sending SMS: ERROR errNum:015

Tue, 07 Jan 2020 15:00:45 -0500 : NO senderId 

Tue, 07 Jan 2020 15:00:46 -0500 : Server Altiria response: OK dest:573138963203


Tue, 07 Jan 2020 15:01:18 -0500 : NO senderId 

Tue, 07 Jan 2020 15:01:19 -0500 : Server Altiria response: OK dest:573138963203


Tue, 07 Jan 2020 15:04:27 -0500 : NO senderId 

Tue, 07 Jan 2020 15:04:27 -0500 : Server Altiria response: OK dest:573138963203


Tue, 07 Jan 2020 15:06:08 -0500 : NO senderId 

Tue, 07 Jan 2020 15:06:09 -0500 : Server Altiria response: OK dest:573183934735


Tue, 07 Jan 2020 15:09:15 -0500 : NO senderId 

Tue, 07 Jan 2020 15:09:16 -0500 : Server Altiria response: OK dest:573138963203


Tue, 07 Jan 2020 18:42:59 -0500 : NO senderId 

Tue, 07 Jan 2020 18:43:00 -0500 : Server Altiria response: OK dest:573138963203


Tue, 07 Jan 2020 18:43:29 -0500 : NO senderId 

Tue, 07 Jan 2020 18:43:29 -0500 : Server Altiria response: OK dest:573138963203


Wed, 08 Jan 2020 14:00:37 -0500 : NO senderId 

Wed, 08 Jan 2020 14:00:39 -0500 : Server Altiria response: OK dest:573138963203


Wed, 08 Jan 2020 14:02:08 -0500 : NO senderId 

Wed, 08 Jan 2020 14:02:09 -0500 : Server Altiria response: OK dest:573138963203


Wed, 08 Jan 2020 14:03:53 -0500 : NO senderId 

Wed, 08 Jan 2020 14:03:53 -0500 : Server Altiria response: OK dest:573138963203


Wed, 08 Jan 2020 15:00:31 -0500 : NO senderId 

Wed, 08 Jan 2020 15:00:32 -0500 : Server Altiria response: OK dest:573138963203


Wed, 08 Jan 2020 16:24:06 -0500 : NO senderId 

Wed, 08 Jan 2020 16:24:08 -0500 : Server Altiria response: OK dest:573138963203


Fri, 10 Jan 2020 16:26:30 -0500 : NO senderId 

Fri, 10 Jan 2020 16:26:31 -0500 : Server Altiria response: OK dest:573138963203


Sat, 11 Jan 2020 15:27:42 -0500 : NO senderId 

Sat, 11 Jan 2020 15:27:43 -0500 : Server Altiria response: OK dest:573138963203


Sat, 11 Jan 2020 15:34:07 -0500 : NO senderId 

Sat, 11 Jan 2020 15:34:08 -0500 : Server Altiria response: OK dest:573138963203


Sat, 11 Jan 2020 15:43:02 -0500 : NO senderId 

Sat, 11 Jan 2020 15:43:03 -0500 : Server Altiria response: OK dest:573138963203


Sat, 11 Jan 2020 15:47:31 -0500 : NO senderId 

Sat, 11 Jan 2020 15:47:31 -0500 : Server Altiria response: OK dest:573138963203


Sat, 11 Jan 2020 16:01:59 -0500 : NO senderId 

Sat, 11 Jan 2020 16:01:59 -0500 : Server Altiria response: OK dest:573138963203


Sat, 11 Jan 2020 16:09:18 -0500 : NO senderId 

Sat, 11 Jan 2020 16:09:18 -0500 : Server Altiria response: OK dest:573138963203


Sat, 11 Jan 2020 16:23:18 -0500 : NO senderId 

Sat, 11 Jan 2020 16:23:18 -0500 : Server Altiria response: OK dest:573138963203


Sat, 11 Jan 2020 16:59:36 -0500 : NO senderId 

Sat, 11 Jan 2020 16:59:37 -0500 : Server Altiria response: OK dest:573138963203


Sat, 11 Jan 2020 17:04:10 -0500 : NO senderId 

Sat, 11 Jan 2020 17:04:10 -0500 : Server Altiria response: OK dest:573138963203


Sat, 11 Jan 2020 17:11:29 -0500 : NO senderId 

Sat, 11 Jan 2020 17:11:29 -0500 : Server Altiria response: OK dest:573138963203


Sat, 11 Jan 2020 17:17:55 -0500 : NO senderId 

Sat, 11 Jan 2020 17:17:55 -0500 : Server Altiria response: OK dest:573138963203


Sat, 11 Jan 2020 17:21:55 -0500 : NO senderId 

Sat, 11 Jan 2020 17:21:55 -0500 : Server Altiria response: OK dest:573138963203


Sat, 11 Jan 2020 17:25:25 -0500 : NO senderId 

Sat, 11 Jan 2020 17:25:26 -0500 : Server Altiria response: OK dest:573138963203


Sat, 11 Jan 2020 18:13:33 -0500 : NO senderId 

Sat, 11 Jan 2020 18:13:33 -0500 : Server Altiria response: OK dest:573138963203


Sat, 11 Jan 2020 18:16:29 -0500 : NO senderId 

Sat, 11 Jan 2020 18:16:30 -0500 : Server Altiria response: OK dest:573138963203


Sat, 11 Jan 2020 18:17:45 -0500 : NO senderId 

Sat, 11 Jan 2020 18:17:45 -0500 : Server Altiria response: OK dest:573138963203


Sun, 12 Jan 2020 18:15:10 -0500 : NO senderId 

Sun, 12 Jan 2020 18:15:12 -0500 : Server Altiria response: OK dest:573138963203


Sun, 12 Jan 2020 18:21:44 -0500 : NO senderId 

Sun, 12 Jan 2020 18:21:44 -0500 : Server Altiria response: OK dest:573138963203


Sun, 12 Jan 2020 18:37:16 -0500 : NO senderId 

Sun, 12 Jan 2020 18:37:16 -0500 : Server Altiria response: OK dest:573138963203


Sun, 12 Jan 2020 18:37:27 -0500 : NO senderId 

Sun, 12 Jan 2020 18:37:27 -0500 : Server Altiria response: OK dest:573138963203


Mon, 13 Jan 2020 17:13:09 -0500 : NO senderId 

Mon, 13 Jan 2020 17:13:11 -0500 : Server Altiria response: OK dest:573138963203


Mon, 13 Jan 2020 17:16:24 -0500 : NO senderId 

Mon, 13 Jan 2020 17:16:24 -0500 : Server Altiria response: OK dest:573138963203


Mon, 13 Jan 2020 17:26:22 -0500 : NO senderId 

Mon, 13 Jan 2020 17:26:23 -0500 : Server Altiria response: OK dest:573138963203


Mon, 13 Jan 2020 17:33:58 -0500 : NO senderId 

Mon, 13 Jan 2020 17:33:59 -0500 : Server Altiria response: OK dest:573138963203


Mon, 13 Jan 2020 17:49:23 -0500 : NO senderId 

Mon, 13 Jan 2020 17:49:23 -0500 : Server Altiria response: OK dest:573138963203


Mon, 13 Jan 2020 17:51:22 -0500 : NO senderId 

Mon, 13 Jan 2020 17:51:22 -0500 : Server Altiria response: OK dest:573138963203


Mon, 13 Jan 2020 17:53:45 -0500 : NO senderId 

Mon, 13 Jan 2020 17:53:46 -0500 : Server Altiria response: OK dest:573138963203


Mon, 13 Jan 2020 18:01:58 -0500 : NO senderId 

Mon, 13 Jan 2020 18:01:59 -0500 : Server Altiria response: OK dest:573138963203


Mon, 13 Jan 2020 18:02:49 -0500 : NO senderId 

Mon, 13 Jan 2020 18:02:50 -0500 : Server Altiria response: OK dest:573138963203


Mon, 13 Jan 2020 18:03:59 -0500 : NO senderId 

Mon, 13 Jan 2020 18:03:59 -0500 : Server Altiria response: OK dest:573138963203


Tue, 14 Jan 2020 10:08:39 -0500 : NO senderId 

Tue, 14 Jan 2020 10:08:45 -0500 : Server Altiria response: OK dest:573138963203


Tue, 14 Jan 2020 10:15:57 -0500 : NO senderId 

Tue, 14 Jan 2020 10:15:59 -0500 : Server Altiria response: OK dest:573138963203


Tue, 14 Jan 2020 10:28:44 -0500 : NO senderId 

Tue, 14 Jan 2020 10:28:48 -0500 : Server Altiria response: OK dest:573138963203


Tue, 14 Jan 2020 12:06:52 -0500 : NO senderId 

Tue, 14 Jan 2020 12:06:53 -0500 : Server Altiria response: OK dest:573138963203


Tue, 14 Jan 2020 14:01:29 -0500 : NO senderId 

Tue, 14 Jan 2020 14:01:30 -0500 : Server Altiria response: OK dest:573138963203


Tue, 14 Jan 2020 14:08:33 -0500 : NO senderId 

Tue, 14 Jan 2020 14:08:36 -0500 : Server Altiria response: OK dest:573138963203


Wed, 15 Jan 2020 11:22:54 -0500 : NO senderId 

Wed, 15 Jan 2020 11:22:55 -0500 : Server Altiria response: OK dest:573138963203


Wed, 15 Jan 2020 11:34:16 -0500 : NO senderId 

Wed, 15 Jan 2020 11:34:17 -0500 : Server Altiria response: OK dest:573138963203


Wed, 15 Jan 2020 11:41:28 -0500 : NO senderId 

Wed, 15 Jan 2020 11:41:29 -0500 : Server Altiria response: OK dest:573138963203


Wed, 15 Jan 2020 11:47:23 -0500 : NO senderId 

Wed, 15 Jan 2020 11:47:24 -0500 : Server Altiria response: OK dest:573138963203


Wed, 15 Jan 2020 11:50:29 -0500 : NO senderId 

Wed, 15 Jan 2020 11:50:30 -0500 : Server Altiria response: OK dest:573138963203


Wed, 15 Jan 2020 11:52:41 -0500 : NO senderId 

Wed, 15 Jan 2020 11:52:41 -0500 : Server Altiria response: OK dest:573138963203


Wed, 15 Jan 2020 11:57:44 -0500 : NO senderId 

Wed, 15 Jan 2020 11:57:44 -0500 : Server Altiria response: OK dest:573138963203


Wed, 15 Jan 2020 12:01:59 -0500 : NO senderId 

Wed, 15 Jan 2020 12:02:00 -0500 : Server Altiria response: OK dest:573138963203


Wed, 15 Jan 2020 12:18:02 -0500 : NO senderId 

Wed, 15 Jan 2020 12:18:03 -0500 : Server Altiria response: OK dest:573138963203


Wed, 15 Jan 2020 13:23:37 -0500 : NO senderId 

Wed, 15 Jan 2020 13:23:38 -0500 : Server Altiria response: OK dest:573138963203


Wed, 15 Jan 2020 14:33:06 -0500 : NO senderId 

Wed, 15 Jan 2020 14:33:06 -0500 : Server Altiria response: OK dest:573138963203


Wed, 15 Jan 2020 14:34:28 -0500 : NO senderId 

Wed, 15 Jan 2020 14:34:28 -0500 : Server Altiria response: OK dest:573138963203


Wed, 15 Jan 2020 14:36:13 -0500 : NO senderId 

Wed, 15 Jan 2020 14:36:13 -0500 : Server Altiria response: OK dest:573138963203


Wed, 15 Jan 2020 14:38:22 -0500 : NO senderId 

Wed, 15 Jan 2020 14:38:23 -0500 : Server Altiria response: OK dest:573138963203


Wed, 15 Jan 2020 14:46:41 -0500 : NO senderId 

Wed, 15 Jan 2020 14:46:42 -0500 : Server Altiria response: OK dest:573138963203


Thu, 16 Jan 2020 10:49:17 -0500 : NO senderId 

Thu, 16 Jan 2020 10:49:19 -0500 : Server Altiria response: OK dest:573138963203


Thu, 16 Jan 2020 10:54:17 -0500 : NO senderId 

Thu, 16 Jan 2020 10:54:17 -0500 : Server Altiria response: OK dest:573138963203


Thu, 16 Jan 2020 10:59:22 -0500 : NO senderId 

Thu, 16 Jan 2020 10:59:23 -0500 : Server Altiria response: OK dest:573138963203


Thu, 16 Jan 2020 15:53:39 -0500 : NO senderId 

Thu, 16 Jan 2020 15:53:40 -0500 : Server Altiria response: OK dest:573138963203


Thu, 16 Jan 2020 15:56:55 -0500 : NO senderId 

Thu, 16 Jan 2020 15:56:56 -0500 : Server Altiria response: OK dest:573138963203


Fri, 17 Jan 2020 20:16:42 -0500 : NO senderId 

Fri, 17 Jan 2020 20:16:44 -0500 : Server Altiria response: OK dest:573138963203


Sat, 18 Jan 2020 20:24:40 -0500 : NO senderId 

Sat, 18 Jan 2020 20:24:41 -0500 : Server Altiria response: OK dest:573138963203


Sat, 18 Jan 2020 20:29:22 -0500 : NO senderId 

Sat, 18 Jan 2020 20:29:23 -0500 : Server Altiria response: OK dest:573138963203


Sun, 19 Jan 2020 08:22:50 -0500 : NO senderId 

Sun, 19 Jan 2020 08:22:51 -0500 : Server Altiria response: OK dest:573138963203


Sun, 19 Jan 2020 08:36:32 -0500 : NO senderId 

Sun, 19 Jan 2020 08:36:33 -0500 : Server Altiria response: OK dest:573138963203


Sun, 19 Jan 2020 09:43:58 -0500 : NO senderId 

Sun, 19 Jan 2020 09:43:59 -0500 : Server Altiria response: OK dest:573138963203


Sun, 19 Jan 2020 10:15:40 -0500 : NO senderId 

Sun, 19 Jan 2020 10:15:41 -0500 : Server Altiria response: OK dest:573138963203


Sun, 19 Jan 2020 10:19:40 -0500 : NO senderId 

Sun, 19 Jan 2020 10:19:41 -0500 : Server Altiria response: OK dest:573138963203


Sun, 19 Jan 2020 10:21:16 -0500 : NO senderId 

Sun, 19 Jan 2020 10:21:17 -0500 : Server Altiria response: OK dest:573138963203


Sun, 19 Jan 2020 11:28:48 -0500 : NO senderId 

Sun, 19 Jan 2020 11:28:49 -0500 : Server Altiria response: OK dest:573138963203


Sun, 19 Jan 2020 11:36:32 -0500 : NO senderId 

Sun, 19 Jan 2020 11:36:33 -0500 : Server Altiria response: OK dest:573138963203


Sun, 19 Jan 2020 11:48:35 -0500 : NO senderId 

Sun, 19 Jan 2020 11:48:36 -0500 : Server Altiria response: OK dest:573138963203


Sun, 19 Jan 2020 12:00:26 -0500 : NO senderId 

Sun, 19 Jan 2020 12:00:27 -0500 : Server Altiria response: OK dest:573138963203


Sun, 19 Jan 2020 12:02:36 -0500 : NO senderId 

Sun, 19 Jan 2020 12:02:36 -0500 : Server Altiria response: OK dest:573138963203


Sun, 19 Jan 2020 14:17:55 -0500 : NO senderId 

Sun, 19 Jan 2020 14:17:56 -0500 : Server Altiria response: OK dest:573138963203


Sun, 19 Jan 2020 16:28:39 -0500 : NO senderId 

Sun, 19 Jan 2020 16:28:40 -0500 : Server Altiria response: OK dest:573138963203


Sun, 19 Jan 2020 17:16:57 -0500 : NO senderId 

Sun, 19 Jan 2020 17:16:57 -0500 : Server Altiria response: OK dest:573138963203


Sun, 19 Jan 2020 17:32:38 -0500 : NO senderId 

Sun, 19 Jan 2020 17:32:38 -0500 : Server Altiria response: OK dest:573138963203


Sun, 19 Jan 2020 17:47:18 -0500 : NO senderId 

Sun, 19 Jan 2020 17:47:21 -0500 : Server Altiria response: OK dest:573138963203


Sun, 19 Jan 2020 18:21:58 -0500 : NO senderId 

Sun, 19 Jan 2020 18:21:59 -0500 : Server Altiria response: OK dest:573138963203


Sun, 19 Jan 2020 18:55:49 -0500 : NO senderId 

Sun, 19 Jan 2020 18:55:49 -0500 : Server Altiria response: OK dest:573138963203


Sun, 19 Jan 2020 19:29:41 -0500 : NO senderId 

Sun, 19 Jan 2020 19:29:41 -0500 : Server Altiria response: OK dest:573138963203


Sun, 19 Jan 2020 19:33:43 -0500 : NO senderId 

Sun, 19 Jan 2020 19:33:43 -0500 : Server Altiria response: OK dest:573138963203


Sun, 19 Jan 2020 19:51:46 -0500 : NO senderId 

Sun, 19 Jan 2020 19:51:47 -0500 : Server Altiria response: OK dest:573138963203


Sun, 19 Jan 2020 19:56:05 -0500 : NO senderId 

Sun, 19 Jan 2020 19:56:05 -0500 : Server Altiria response: OK dest:573138963203


Sun, 19 Jan 2020 19:58:49 -0500 : NO senderId 

Sun, 19 Jan 2020 19:58:50 -0500 : Server Altiria response: OK dest:573138963203


Mon, 20 Jan 2020 11:36:48 -0500 : NO senderId 

Mon, 20 Jan 2020 11:36:49 -0500 : Server Altiria response: OK dest:573138963203


Mon, 20 Jan 2020 11:40:47 -0500 : NO senderId 

Mon, 20 Jan 2020 11:40:47 -0500 : Server Altiria response: OK dest:573138963203


Wed, 22 Jan 2020 17:23:22 -0500 : NO senderId 

Wed, 22 Jan 2020 17:23:23 -0500 : Server Altiria response: OK dest:573138963203


Wed, 05 Feb 2020 12:16:29 -0500 : NO senderId 

Wed, 05 Feb 2020 12:16:30 -0500 : Server Altiria response: OK dest:573138963203


Fri, 01 May 2020 19:04:48 -0500 : NO senderId 

Fri, 01 May 2020 19:04:50 -0500 : Server Altiria response: OK dest:573138963203


Sat, 10 Dec 2022 09:17:30 -0500 : NO senderId 

Sat, 10 Dec 2022 09:17:31 -0500 : Server Altiria response: ERROR errNum:020

Sat, 10 Dec 2022 09:17:31 -0500 : Error sending SMS: ERROR errNum:020

Sat, 10 Dec 2022 09:18:13 -0500 : NO senderId 

Sat, 10 Dec 2022 09:18:14 -0500 : Server Altiria response: ERROR errNum:020

Sat, 10 Dec 2022 09:18:14 -0500 : Error sending SMS: ERROR errNum:020
